app/build/intermediates/manifest_merge_blame_file/debug/manifest-merger-blame-debug-report.txt
1<?xml version="1.0" encoding="utf-8"?>
2<manifest xmlns:android="http://schemas.android.com/apk/res/android"
3    package="com.example.contact"
4    android:versionCode="1"
5    android:versionName="1.0" >
6
7    <uses-sdk
8        android:minSdkVersion="23"
8-->src\main\AndroidManifest.xml
9        android:targetSdkVersion="32" />
9-->src\main\AndroidManifest.xml
10
11    <!-- Permission will be merged into the manifest of the hosting app. -->
12    <!-- Is required to launch foreground extraction service for targetSdkVersion 28+. -->
13    <uses-permission android:name="android.permission.FOREGROUND_SERVICE" />
13-->[com.google.android.play:core:1.10.2] AndroidManifest.xml:13:5-77
13-->[com.google.android.play:core:1.10.2] AndroidManifest.xml:13:22-74
14
15    <application
15-->src\main\AndroidManifest.xml:5:5-29:19
16        android:name="com.example.contact.ui.ContactApp"
16-->src\main\AndroidManifest.xml:6:9-38
17        android:allowBackup="true"
17-->src\main\AndroidManifest.xml:7:9-35
18        android:appComponentFactory="androidx.core.app.CoreComponentFactory"
18-->[androidx.core:core:1.7.0] AndroidManifest.xml:24:18-86
19        android:debuggable="true"
20        android:extractNativeLibs="false"
21        android:icon="@mipmap/ic_launcher"
21-->src\main\AndroidManifest.xml:8:9-43
22        android:label="@string/app_name"
22-->src\main\AndroidManifest.xml:9:9-41
23        android:roundIcon="@mipmap/ic_launcher_round"
23-->src\main\AndroidManifest.xml:10:9-54
24        android:supportsRtl="true"
24-->src\main\AndroidManifest.xml:11:9-35
25        android:testOnly="true"
26        android:theme="@style/Theme.Contact.MyTheme2" >
26-->src\main\AndroidManifest.xml:12:9-54
27        <activity
27-->src\main\AndroidManifest.xml:13:9-23:20
28            android:name="com.example.contact.ui.view.activity.SplashActivity"
28-->src\main\AndroidManifest.xml:14:13-60
29            android:exported="true"
29-->src\main\AndroidManifest.xml:15:13-36
30            android:theme="@style/SplashTheme" >
30-->src\main\AndroidManifest.xml:16:13-47
31            <intent-filter>
31-->src\main\AndroidManifest.xml:17:13-21:29
32                <action android:name="android.intent.action.MAIN" />
32-->src\main\AndroidManifest.xml:18:17-69
32-->src\main\AndroidManifest.xml:18:25-66
33
34                <category android:name="android.intent.category.LAUNCHER" />
34-->src\main\AndroidManifest.xml:20:17-77
34-->src\main\AndroidManifest.xml:20:27-74
35            </intent-filter>
36        </activity>
37        <activity
37-->src\main\AndroidManifest.xml:24:9-28:20
38            android:name="com.example.contact.ui.view.activity.MainActivity"
38-->src\main\AndroidManifest.xml:25:13-58
39            android:exported="true" >
39-->src\main\AndroidManifest.xml:26:13-36
40        </activity>
41
42        <uses-library
42-->[androidx.window:window:1.0.0] AndroidManifest.xml:25:9-27:40
43            android:name="androidx.window.extensions"
43-->[androidx.window:window:1.0.0] AndroidManifest.xml:26:13-54
44            android:required="false" />
44-->[androidx.window:window:1.0.0] AndroidManifest.xml:27:13-37
45        <uses-library
45-->[androidx.window:window:1.0.0] AndroidManifest.xml:28:9-30:40
46            android:name="androidx.window.sidecar"
46-->[androidx.window:window:1.0.0] AndroidManifest.xml:29:13-51
47            android:required="false" />
47-->[androidx.window:window:1.0.0] AndroidManifest.xml:30:13-37
48
49        <provider
49-->[androidx.emoji2:emoji2:1.0.0] AndroidManifest.xml:26:9-34:20
50            android:name="androidx.startup.InitializationProvider"
50-->[androidx.emoji2:emoji2:1.0.0] AndroidManifest.xml:27:13-67
51            android:authorities="com.example.contact.androidx-startup"
51-->[androidx.emoji2:emoji2:1.0.0] AndroidManifest.xml:28:13-68
52            android:exported="false" >
52-->[androidx.emoji2:emoji2:1.0.0] AndroidManifest.xml:29:13-37
53            <meta-data
53-->[androidx.emoji2:emoji2:1.0.0] AndroidManifest.xml:31:13-33:52
54                android:name="androidx.emoji2.text.EmojiCompatInitializer"
54-->[androidx.emoji2:emoji2:1.0.0] AndroidManifest.xml:32:17-75
55                android:value="androidx.startup" />
55-->[androidx.emoji2:emoji2:1.0.0] AndroidManifest.xml:33:17-49
56            <meta-data
56-->[androidx.lifecycle:lifecycle-process:2.4.0] AndroidManifest.xml:31:13-33:52
57                android:name="androidx.lifecycle.ProcessLifecycleInitializer"
57-->[androidx.lifecycle:lifecycle-process:2.4.0] AndroidManifest.xml:32:17-78
58                android:value="androidx.startup" />
58-->[androidx.lifecycle:lifecycle-process:2.4.0] AndroidManifest.xml:33:17-49
59        </provider>
60
61        <service
61-->[androidx.room:room-runtime:2.4.2] AndroidManifest.xml:25:9-28:40
62            android:name="androidx.room.MultiInstanceInvalidationService"
62-->[androidx.room:room-runtime:2.4.2] AndroidManifest.xml:26:13-74
63            android:directBootAware="true"
63-->[androidx.room:room-runtime:2.4.2] AndroidManifest.xml:27:13-43
64            android:exported="false" /> <!-- The activities will be merged into the manifest of the hosting app. -->
64-->[androidx.room:room-runtime:2.4.2] AndroidManifest.xml:28:13-37
65        <activity
65-->[com.google.android.play:core:1.10.2] AndroidManifest.xml:18:9-24:45
66            android:name="com.google.android.play.core.missingsplits.PlayCoreMissingSplitsActivity"
66-->[com.google.android.play:core:1.10.2] AndroidManifest.xml:19:13-100
67            android:enabled="false"
67-->[com.google.android.play:core:1.10.2] AndroidManifest.xml:20:13-36
68            android:exported="false"
68-->[com.google.android.play:core:1.10.2] AndroidManifest.xml:21:13-37
69            android:launchMode="singleInstance"
69-->[com.google.android.play:core:1.10.2] AndroidManifest.xml:22:13-48
70            android:process=":playcore_missing_splits_activity"
70-->[com.google.android.play:core:1.10.2] AndroidManifest.xml:23:13-64
71            android:stateNotNeeded="true" />
71-->[com.google.android.play:core:1.10.2] AndroidManifest.xml:24:13-42
72        <activity
72-->[com.google.android.play:core:1.10.2] AndroidManifest.xml:25:9-29:65
73            android:name="com.google.android.play.core.common.PlayCoreDialogWrapperActivity"
73-->[com.google.android.play:core:1.10.2] AndroidManifest.xml:26:13-93
74            android:exported="false"
74-->[com.google.android.play:core:1.10.2] AndroidManifest.xml:27:13-37
75            android:stateNotNeeded="true"
75-->[com.google.android.play:core:1.10.2] AndroidManifest.xml:28:13-42
76            android:theme="@style/Theme.PlayCore.Transparent" /> <!-- The services will be merged into the manifest of the hosting app. -->
76-->[com.google.android.play:core:1.10.2] AndroidManifest.xml:29:13-62
77        <service
77-->[com.google.android.play:core:1.10.2] AndroidManifest.xml:32:9-39:19
78            android:name="com.google.android.play.core.assetpacks.AssetPackExtractionService"
78-->[com.google.android.play:core:1.10.2] AndroidManifest.xml:33:13-94
79            android:enabled="false"
79-->[com.google.android.play:core:1.10.2] AndroidManifest.xml:34:13-36
80            android:exported="true" >
80-->[com.google.android.play:core:1.10.2] AndroidManifest.xml:35:13-36
81            <meta-data
81-->[com.google.android.play:core:1.10.2] AndroidManifest.xml:36:13-38:41
82                android:name="com.google.android.play.core.assetpacks.versionCode"
82-->[com.google.android.play:core:1.10.2] AndroidManifest.xml:37:17-83
83                android:value="11002" />
83-->[com.google.android.play:core:1.10.2] AndroidManifest.xml:38:17-38
84        </service>
85        <service
85-->[com.google.android.play:core:1.10.2] AndroidManifest.xml:40:9-43:40
86            android:name="com.google.android.play.core.assetpacks.ExtractionForegroundService"
86-->[com.google.android.play:core:1.10.2] AndroidManifest.xml:41:13-95
87            android:enabled="false"
87-->[com.google.android.play:core:1.10.2] AndroidManifest.xml:42:13-36
88            android:exported="false" />
88-->[com.google.android.play:core:1.10.2] AndroidManifest.xml:43:13-37
89    </application>
90
91</manifest>